2020年1月25日19:5:22 Code:0。 Warring: 
-----------------开始---------------
 
2020年1月25日19:5:22 Code:0。 Warring:  MapProcesser初始化完成 
2020年1月25日19:5:22 Code:0。 Warring:  DriverProcesser初始化完成 
2020年1月25日19:5:22 Code:0。 Warring:  FileProcesser初始化完成 
2020年1月25日19:5:22 Code:0。 Warring:  MapProcesser初始化完成 
2020年1月25日19:5:22 Code:183。 Warring: 打开文件成功，但文件目标已存在 D:\新建虚拟磁盘.vmf
2020年1月25日19:5:22 Code:1006。 Error: 映射文件失败 
2020年1月25日19:5:22 Code:0。 Warring: 打开虚拟文件对象  D:\新建虚拟磁盘.vmf
2020年1月25日19:5:22 Code:0。 Warring:  映射段: 0 L: 280 
2020年1月25日19:5:22 Code:183。 Warring: 打开文件成功，但文件目标已存在 D:\新建虚拟磁盘.vmf
2020年1月25日19:5:22 Code:0。 Warring: 打开虚拟文件对象  D:\新建虚拟磁盘.vmf
2020年1月25日19:5:22 Code:0。 Warring: 打开文件成功 D:\新建虚拟磁盘.vmf
2020年1月25日19:5:22 Code:0。 Warring:  申请空间  F: 280 T: 304 S: 0.24MB
2020年1月25日19:5:22 Code:0。 Warring:  映射段: 280 L: 24 
2020年1月25日19:5:22 Code:0。 Warring: 写入偏移链   L:280 C:24 NT:304
2020年1月25日19:5:22 Code:0。 Warring:  映射段: 0 L: 280 
2020年1月25日19:5:22 Code:0。 Warring:  写入头节点: 1579950322 F: 0 T: 280 
2020年1月25日19:5:22 Code:0。 Warring: 格式化完毕  可用空间: 199.1048296MB
2020年1月25日19:5:22 Code:0。 Warring: 释放空间   F: 280 T: 304 S: 0.24MB
2020年1月25日19:5:22 Code:0。 Warring:  申请空间  F: 304 T: 352 S: 0.48MB
2020年1月25日19:5:22 Code:0。 Warring:  映射段: 304 L: 48 
2020年1月25日19:5:22 Code:0。 Warring: 写入偏移链   L:304 C:48 NT:352
2020年1月25日19:5:22 Code:0。 Warring: ---开始Index写入--- 
2020年1月25日19:5:22 Code:0。 Warring:  申请空间  F: 352 T: 400 S: 0.48MB
2020年1月25日19:5:22 Code:0。 Warring:  映射段: 352 L: 48 
2020年1月25日19:5:22 Code:0。 Warring: 写入偏移链   L:352 C:48 NT:400
2020年1月25日19:5:22 Code:0。 Warring:  映射段: 0 L: 280 
2020年1月25日19:5:22 Code:0。 Warring:  写入头节点: 1579950322 F: 0 T: 280 
2020年1月25日19:5:22 Code:0。 Warring: ---Index写入完毕--- 
2020年1月25日19:5:22 Code:0。 Warring: 关闭虚拟文件对象  D:\新建虚拟磁盘.vmf
2020年1月25日19:5:22 Code:183。 Warring: 打开文件成功，但文件目标已存在 D:\新建虚拟磁盘.vmf
2020年1月25日19:5:22 Code:0。 Warring: 打开虚拟文件对象  D:\新建虚拟磁盘.vmf
2020年1月25日19:5:22 Code:0。 Warring: 打开文件成功 D:\新建虚拟磁盘.vmf
2020年1月25日19:5:22 Code:0。 Warring:  映射段: 0 L: 280 
2020年1月25日19:5:22 Code:0。 Warring:  映射段: 352 L: 48 
2020年1月25日19:5:22 Code:0。 Warring:  载入头节点: 1579950322 F: 0 T: 280 
2020年1月25日19:5:22 Code:0。 Warring: ---开始Index载入--- 
2020年1月25日19:5:22 Code:0。 Warring:  映射段: 0 L: 0 
2020年1月25日19:5:22 Code:0。 Warring:  载入Index  1579950322 L 0 C 0 S 0
2020年1月25日19:5:22 Code:0。 Warring: ---Index载入完毕--- 
2020年1月25日19:5:22 Code:0。 Warring: ---开始文件写入--- 
2020年1月25日19:5:22 Code:0。 Warring: Batch 读取数据： E:\opencl-1.2.pdf S: 2959015 W: 2959015 O: 0 NT:2959015
2020年1月25日19:5:22 Code:0。 Warring: BatchWrite Target Path: 
2020年1月25日19:5:22 Code:0。 Warring: BatchWrite Target Path: E:\opencl-1.2.pdf
2020年1月25日19:5:22 Code:0。 Error: MakeInnerTarget  
2020年1月25日19:5:22 Code:0。 Warring: _MakeDirs R:
2020年1月25日19:5:22 Code:0。 Warring: BatchWrite Target Path: E:\opencl-1.2.pdf
2020年1月25日19:5:22 Code:0。 Warring: BatchWrite Target Node: R:
2020年1月25日19:5:22 Code:0。 Warring:  申请空间  F: 400 T: 2723984 S: 2.626432MB
2020年1月25日19:5:22 Code:0。 Warring:  映射段: 400 L: 2723584 
2020年1月25日19:5:22 Code:0。 Warring:  映射段: 280 L: 24 
2020年1月25日19:5:22 Code:0。 Warring: 写入偏移链   L:280 C:24 NT:304
2020年1月25日19:5:22 Code:0。 Warring: ---文件写入完毕--- 
2020年1月25日19:5:22 Code:0。 Warring: Copy Floder From  D:\城通网盘客户端\www
2020年1月25日19:5:22 Code:0。 Warring: Copy Floder To  头
2020年1月25日19:5:22 Code:0。 Warring: Copy Floder BasePath  D:\城通网盘客户端
2020年1月25日19:5:23 Code:0。 Warring: ---开始文件写入--- 
2020年1月25日19:5:23 Code:0。 Warring: Batch 读取数据： D:\城通网盘客户端\www\assets\css\ace-fonts.css S: 452 W: 452 O: 0 NT:452
2020年1月25日19:5:23 Code:0。 Warring: BatchWrite Target Path: \www\assets\css\ace-fonts.css
2020年1月25日19:5:23 Code:0。 Warring: BatchWrite Target Path: D:\城通网盘客户端\www\assets\css\ace-fonts.css
2020年1月25日19:5:23 Code:0。 Error: MakeInnerTarget  www\assets\css
2020年1月25日19:5:23 Code:0。 Warring: _MakeDirs R:\www\assets\css
2020年1月25日19:5:23 Code:0。 Warring: BatchWrite Target Path: D:\城通网盘客户端\www\assets\css\ace-fonts.css
2020年1月25日19:5:23 Code:0。 Warring: BatchWrite Target Node: R:\www\assets\css
2020年1月25日19:5:23 Code:0。 Warring: Batch 读取数据： D:\城通网盘客户端\www\assets\css\ace-ie.css S: 11838 W: 11838 O: 452 NT:12290
2020年1月25日19:5:23 Code:0。 Warring: BatchWrite Target Path: \www\assets\css\ace-ie.css
2020年1月25日19:5:23 Code:0。 Warring: BatchWrite Target Path: D:\城通网盘客户端\www\assets\css\ace-ie.css
2020年1月25日19:5:23 Code:0。 Error: MakeInnerTarget  www\assets\css
2020年1月25日19:5:23 Code:0。 Warring: _MakeDirs R:\www\assets\css
2020年1月25日19:5:23 Code:0。 Warring: BatchWrite Target Path: D:\城通网盘客户端\www\assets\css\ace-ie.css
2020年1月25日19:5:23 Code:0。 Warring: BatchWrite Target Node: R:\www\assets\css
2020年1月25日19:5:23 Code:0。 Warring: Batch 读取数据： D:\城通网盘客户端\www\assets\css\ace-part2.css S: 161728 W: 161728 O: 12290 NT:174018
2020年1月25日19:5:23 Code:0。 Warring: BatchWrite Target Path: \www\assets\css\ace-part2.css
2020年1月25日19:5:23 Code:0。 Warring: BatchWrite Target Path: D:\城通网盘客户端\www\assets\css\ace-part2.css
2020年1月25日19:5:23 Code:0。 Error: MakeInnerTarget  www\assets\css
2020年1月25日19:5:23 Code:0。 Warring: _MakeDirs R:\www\assets\css
2020年1月25日19:5:23 Code:0。 Warring: BatchWrite Target Path: D:\城通网盘客户端\www\assets\css\ace-part2.css
2020年1月25日19:5:23 Code:0。 Warring: BatchWrite Target Node: R:\www\assets\css
2020年1月25日19:5:23 Code:0。 Warring: Batch 读取数据： D:\城通网盘客户端\www\assets\css\ace-rtl.css S: 144088 W: 144088 O: 174018 NT:318106
2020年1月25日19:5:23 Code:0。 Warring: BatchWrite Target Path: \www\assets\css\ace-rtl.css
2020年1月25日19:5:23 Code:0。 Warring: BatchWrite Target Path: D:\城通网盘客户端\www\assets\css\ace-rtl.css
2020年1月25日19:5:23 Code:0。 Error: MakeInnerTarget  www\assets\css
2020年1月25日19:5:23 Code:0。 Warring: _MakeDirs R:\www\assets\css
2020年1月25日19:5:23 Code:0。 Warring: BatchWrite Target Path: D:\城通网盘客户端\www\assets\css\ace-rtl.css
2020年1月25日19:5:23 Code:0。 Warring: BatchWrite Target Node: R:\www\assets\css
2020年1月25日19:5:23 Code:0。 Warring: Batch 读取数据： D:\城通网盘客户端\www\assets\css\ace-skins.css S: 94581 W: 94581 O: 318106 NT:412687
2020年1月25日19:5:23 Code:0。 Warring: BatchWrite Target Path: \www\assets\css\ace-skins.css
2020年1月25日19:5:23 Code:0。 Warring: BatchWrite Target Path: D:\城通网盘客户端\www\assets\css\ace-skins.css
2020年1月25日19:5:23 Code:0。 Error: MakeInnerTarget  www\assets\css
2020年1月25日19:5:23 Code:0。 Warring: _MakeDirs R:\www\assets\css
2020年1月25日19:5:23 Code:0。 Warring: BatchWrite Target Path: D:\城通网盘客户端\www\assets\css\ace-skins.css
2020年1月25日19:5:23 Code:0。 Warring: BatchWrite Target Node: R:\www\assets\css
2020年1月25日19:5:23 Code:0。 Warring: Batch 读取数据： D:\城通网盘客户端\www\assets\css\ace.css S: 496056 W: 496056 O: 412687 NT:908743
2020年1月25日19:5:23 Code:0。 Warring: BatchWrite Target Path: \www\assets\css\ace.css
2020年1月25日19:5:23 Code:0。 Warring: BatchWrite Target Path: D:\城通网盘客户端\www\assets\css\ace.css
2020年1月25日19:5:23 Code:0。 Error: MakeInnerTarget  www\assets\css
2020年1月25日19:5:23 Code:0。 Warring: _MakeDirs R:\www\assets\css
2020年1月25日19:5:23 Code:0。 Warring: BatchWrite Target Path: D:\城通网盘客户端\www\assets\css\ace.css
2020年1月25日19:5:23 Code:0。 Warring: BatchWrite Target Node: R:\www\assets\css
2020年1月25日19:5:23 Code:0。 Warring: Batch 读取数据： D:\城通网盘客户端\www\assets\css\ace.onpage-help.css S: 5332 W: 5332 O: 908743 NT:914075
2020年1月25日19:5:23 Code:0。 Warring: BatchWrite Target Path: \www\assets\css\ace.onpage-help.css
2020年1月25日19:5:23 Code:0。 Warring: BatchWrite Target Path: D:\城通网盘客户端\www\assets\css\ace.onpage-help.css
2020年1月25日19:5:23 Code:0。 Error: MakeInnerTarget  www\assets\css
2020年1月25日19:5:23 Code:0。 Warring: _MakeDirs R:\www\assets\css
2020年1月25日19:5:23 Code:0。 Warring: BatchWrite Target Path: D:\城通网盘客户端\www\assets\css\ace.onpage-help.css
2020年1月25日19:5:23 Code:0。 Warring: BatchWrite Target Node: R:\www\assets\css
2020年1月25日19:5:23 Code:0。 Warring: Batch 读取数据： D:\城通网盘客户端\www\assets\css\bootstrap.css S: 144040 W: 144040 O: 914075 NT:1058115
2020年1月25日19:5:23 Code:0。 Warring: BatchWrite Target Path: \www\assets\css\bootstrap.css
2020年1月25日19:5:23 Code:0。 Warring: BatchWrite Target Path: D:\城通网盘客户端\www\assets\css\bootstrap.css
2020年1月25日19:5:23 Code:0。 Error: MakeInnerTarget  www\assets\css
2020年1月25日19:5:23 Code:0。 Warring: _MakeDirs R:\www\assets\css
2020年1月25日19:5:23 Code:0。 Warring: BatchWrite Target Path: D:\城通网盘客户端\www\assets\css\bootstrap.css
2020年1月25日19:5:23 Code:0。 Warring: BatchWrite Target Node: R:\www\assets\css
2020年1月25日19:5:23 Code:0。 Warring: Batch 读取数据： D:\城通网盘客户端\www\assets\css\pace.css S: 291 W: 291 O: 1058115 NT:1058406
2020年1月25日19:5:23 Code:0。 Warring: BatchWrite Target Path: \www\assets\css\pace.css
2020年1月25日19:5:23 Code:0。 Warring: BatchWrite Target Path: D:\城通网盘客户端\www\assets\css\pace.css
2020年1月25日19:5:23 Code:0。 Error: MakeInnerTarget  www\assets\css
2020年1月25日19:5:23 Code:0。 Warring: _MakeDirs R:\www\assets\css
2020年1月25日19:5:23 Code:0。 Warring: BatchWrite Target Path: D:\城通网盘客户端\www\assets\css\pace.css
2020年1月25日19:5:23 Code:0。 Warring: BatchWrite Target Node: R:\www\assets\css
2020年1月25日19:5:23 Code:0。 Warring: Batch 读取数据： D:\城通网盘客户端\www\assets\fonts\glyphicons-halflings-regular.eot S: 20127 W: 20127 O: 1058406 NT:1078533
2020年1月25日19:5:23 Code:0。 Warring: BatchWrite Target Path: \www\assets\fonts\glyphicons-halflings-regular.eot
2020年1月25日19:5:23 Code:0。 Warring: BatchWrite Target Path: D:\城通网盘客户端\www\assets\fonts\glyphicons-halflings-regular.eot
2020年1月25日19:5:23 Code:0。 Error: MakeInnerTarget  www\assets\fonts
2020年1月25日19:5:23 Code:0。 Warring: _MakeDirs R:\www\assets\fonts
2020年1月25日19:5:23 Code:0。 Warring: BatchWrite Target Path: D:\城通网盘客户端\www\assets\fonts\glyphicons-halflings-regular.eot
2020年1月25日19:5:23 Code:0。 Warring: BatchWrite Target Node: R:\www\assets\fonts
2020年1月25日19:5:23 Code:0。 Warring: Batch 读取数据： D:\城通网盘客户端\www\assets\fonts\glyphicons-halflings-regular.svg S: 108738 W: 108738 O: 1078533 NT:1187271
2020年1月25日19:5:23 Code:0。 Warring: BatchWrite Target Path: \www\assets\fonts\glyphicons-halflings-regular.svg
2020年1月25日19:5:23 Code:0。 Warring: BatchWrite Target Path: D:\城通网盘客户端\www\assets\fonts\glyphicons-halflings-regular.svg
2020年1月25日19:5:23 Code:0。 Error: MakeInnerTarget  www\assets\fonts
2020年1月25日19:5:23 Code:0。 Warring: _MakeDirs R:\www\assets\fonts
2020年1月25日19:5:23 Code:0。 Warring: BatchWrite Target Path: D:\城通网盘客户端\www\assets\fonts\glyphicons-halflings-regular.svg
2020年1月25日19:5:23 Code:0。 Warring: BatchWrite Target Node: R:\www\assets\fonts
2020年1月25日19:5:23 Code:0。 Warring: Batch 读取数据： D:\城通网盘客户端\www\assets\fonts\glyphicons-halflings-regular.ttf S: 45404 W: 45404 O: 1187271 NT:1232675
2020年1月25日19:5:23 Code:0。 Warring: BatchWrite Target Path: \www\assets\fonts\glyphicons-halflings-regular.ttf
2020年1月25日19:5:23 Code:0。 Warring: BatchWrite Target Path: D:\城通网盘客户端\www\assets\fonts\glyphicons-halflings-regular.ttf
2020年1月25日19:5:23 Code:0。 Error: MakeInnerTarget  www\assets\fonts
2020年1月25日19:5:23 Code:0。 Warring: _MakeDirs R:\www\assets\fonts
2020年1月25日19:5:23 Code:0。 Warring: BatchWrite Target Path: D:\城通网盘客户端\www\assets\fonts\glyphicons-halflings-regular.ttf
2020年1月25日19:5:23 Code:0。 Warring: BatchWrite Target Node: R:\www\assets\fonts
2020年1月25日19:5:23 Code:0。 Warring: Batch 读取数据： D:\城通网盘客户端\www\assets\fonts\glyphicons-halflings-regular.woff S: 23424 W: 23424 O: 1232675 NT:1256099
2020年1月25日19:5:23 Code:0。 Warring: BatchWrite Target Path: \www\assets\fonts\glyphicons-halflings-regular.woff
2020年1月25日19:5:23 Code:0。 Warring: BatchWrite Target Path: D:\城通网盘客户端\www\assets\fonts\glyphicons-halflings-regular.woff
2020年1月25日19:5:23 Code:0。 Error: MakeInnerTarget  www\assets\fonts
2020年1月25日19:5:23 Code:0。 Warring: _MakeDirs R:\www\assets\fonts
2020年1月25日19:5:23 Code:0。 Warring: BatchWrite Target Path: D:\城通网盘客户端\www\assets\fonts\glyphicons-halflings-regular.woff
2020年1月25日19:5:23 Code:0。 Warring: BatchWrite Target Node: R:\www\assets\fonts
2020年1月25日19:5:23 Code:0。 Warring: Batch 读取数据： D:\城通网盘客户端\www\assets\fonts\glyphicons-halflings-regular.woff2 S: 18028 W: 18028 O: 1256099 NT:1274127
2020年1月25日19:5:23 Code:0。 Warring: BatchWrite Target Path: \www\assets\fonts\glyphicons-halflings-regular.woff2
2020年1月25日19:5:23 Code:0。 Warring: BatchWrite Target Path: D:\城通网盘客户端\www\assets\fonts\glyphicons-halflings-regular.woff2
2020年1月25日19:5:23 Code:0。 Error: MakeInnerTarget  www\assets\fonts
2020年1月25日19:5:23 Code:0。 Warring: _MakeDirs R:\www\assets\fonts
2020年1月25日19:5:23 Code:0。 Warring: BatchWrite Target Path: D:\城通网盘客户端\www\assets\fonts\glyphicons-halflings-regular.woff2
2020年1月25日19:5:23 Code:0。 Warring: BatchWrite Target Node: R:\www\assets\fonts
2020年1月25日19:5:23 Code:0。 Warring: Batch 读取数据： D:\城通网盘客户端\www\assets\fonts\OpenSans-300.woff S: 22656 W: 22656 O: 1274127 NT:1296783
2020年1月25日19:5:23 Code:0。 Warring: BatchWrite Target Path: \www\assets\fonts\OpenSans-300.woff
2020年1月25日19:5:23 Code:0。 Warring: BatchWrite Target Path: D:\城通网盘客户端\www\assets\fonts\OpenSans-300.woff
2020年1月25日19:5:23 Code:0。 Error: MakeInnerTarget  www\assets\fonts
2020年1月25日19:5:23 Code:0。 Warring: _MakeDirs R:\www\assets\fonts
2020年1月25日19:5:23 Code:0。 Warring: BatchWrite Target Path: D:\城通网盘客户端\www\assets\fonts\OpenSans-300.woff
2020年1月25日19:5:23 Code:0。 Warring: BatchWrite Target Node: R:\www\assets\fonts
2020年1月25日19:5:23 Code:0。 Warring: Batch 读取数据： D:\城通网盘客户端\www\assets\fonts\OpenSans-400.woff S: 21956 W: 21956 O: 1296783 NT:1318739
2020年1月25日19:5:23 Code:0。 Warring: BatchWrite Target Path: \www\assets\fonts\OpenSans-400.woff
2020年1月25日19:5:23 Code:0。 Warring: BatchWrite Target Path: D:\城通网盘客户端\www\assets\fonts\OpenSans-400.woff
2020年1月25日19:5:23 Code:0。 Error: MakeInnerTarget  www\assets\fonts
2020年1月25日19:5:23 Code:0。 Warring: _MakeDirs R:\www\assets\fonts
2020年1月25日19:5:23 Code:0。 Warring: BatchWrite Target Path: D:\城通网盘客户端\www\assets\fonts\OpenSans-400.woff
2020年1月25日19:5:23 Code:0。 Warring: BatchWrite Target Node: R:\www\assets\fonts
2020年1月25日19:5:23 Code:0。 Warring: Batch 读取数据： D:\城通网盘客户端\www\assets\fonts\readme S: 128 W: 128 O: 1318739 NT:1318867
2020年1月25日19:5:23 Code:0。 Warring: BatchWrite Target Path: \www\assets\fonts\readme
2020年1月25日19:5:23 Code:0。 Warring: BatchWrite Target Path: D:\城通网盘客户端\www\assets\fonts\readme
2020年1月25日19:5:23 Code:0。 Error: MakeInnerTarget  www\assets\fonts
2020年1月25日19:5:23 Code:0。 Warring: _MakeDirs R:\www\assets\fonts
2020年1月25日19:5:23 Code:0。 Warring: BatchWrite Target Path: D:\城通网盘客户端\www\assets\fonts\readme
2020年1月25日19:5:23 Code:0。 Warring: BatchWrite Target Node: R:\www\assets\fonts
2020年1月25日19:5:23 Code:0。 Warring: Batch 读取数据： D:\城通网盘客户端\www\assets\js\src\ace.js S: 3511 W: 3511 O: 1318867 NT:1322378
2020年1月25日19:5:23 Code:0。 Warring: BatchWrite Target Path: \www\assets\js\src\ace.js
2020年1月25日19:5:23 Code:0。 Warring: BatchWrite Target Path: D:\城通网盘客户端\www\assets\js\src\ace.js
2020年1月25日19:5:23 Code:0。 Error: MakeInnerTarget  www\assets\js\src
2020年1月25日19:5:23 Code:0。 Warring: _MakeDirs R:\www\assets\js\src
2020年1月25日19:5:23 Code:0。 Warring: BatchWrite Target Path: D:\城通网盘客户端\www\assets\js\src\ace.js
2020年1月25日19:5:23 Code:0。 Warring: BatchWrite Target Node: R:\www\assets\js\src
2020年1月25日19:5:23 Code:0。 Warring: Batch 读取数据： D:\城通网盘客户端\www\assets\js\src\elements.fileinput.js S: 21512 W: 21512 O: 1322378 NT:1343890
2020年1月25日19:5:23 Code:0。 Warring: BatchWrite Target Path: \www\assets\js\src\elements.fileinput.js
2020年1月25日19:5:23 Code:0。 Warring: BatchWrite Target Path: D:\城通网盘客户端\www\assets\js\src\elements.fileinput.js
2020年1月25日19:5:23 Code:0。 Error: MakeInnerTarget  www\assets\js\src
2020年1月25日19:5:23 Code:0。 Warring: _MakeDirs R:\www\assets\js\src
2020年1月25日19:5:23 Code:0。 Warring: BatchWrite Target Path: D:\城通网盘客户端\www\assets\js\src\elements.fileinput.js
2020年1月25日19:5:23 Code:0。 Warring: BatchWrite Target Node: R:\www\assets\js\src
2020年1月25日19:5:23 Code:0。 Warring: Batch 读取数据： D:\城通网盘客户端\www\browser-content.html S: 5284 W: 5284 O: 1343890 NT:1349174
2020年1月25日19:5:23 Code:0。 Warring: BatchWrite Target Path: \www\browser-content.html
2020年1月25日19:5:23 Code:0。 Warring: BatchWrite Target Path: D:\城通网盘客户端\www\browser-content.html
2020年1月25日19:5:23 Code:0。 Error: MakeInnerTarget  www
2020年1月25日19:5:23 Code:0。 Warring: _MakeDirs R:\www
2020年1月25日19:5:23 Code:0。 Warring: BatchWrite Target Path: D:\城通网盘客户端\www\browser-content.html
2020年1月25日19:5:23 Code:0。 Warring: BatchWrite Target Node: R:\www
2020年1月25日19:5:23 Code:0。 Warring: Batch 读取数据： D:\城通网盘客户端\www\com\bg_03.png S: 697112 W: 697112 O: 1349174 NT:2046286
2020年1月25日19:5:23 Code:0。 Warring: BatchWrite Target Path: \www\com\bg_03.png
2020年1月25日19:5:23 Code:0。 Warring: BatchWrite Target Path: D:\城通网盘客户端\www\com\bg_03.png
2020年1月25日19:5:23 Code:0。 Error: MakeInnerTarget  www\com
2020年1月25日19:5:23 Code:0。 Warring: _MakeDirs R:\www\com
2020年1月25日19:5:23 Code:0。 Warring: BatchWrite Target Path: D:\城通网盘客户端\www\com\bg_03.png
2020年1月25日19:5:23 Code:0。 Warring: BatchWrite Target Node: R:\www\com
2020年1月25日19:5:23 Code:0。 Warring: Batch 读取数据： D:\城通网盘客户端\www\com\bootstrap.js S: 68952 W: 68952 O: 2046286 NT:2115238
2020年1月25日19:5:23 Code:0。 Warring: BatchWrite Target Path: \www\com\bootstrap.js
2020年1月25日19:5:23 Code:0。 Warring: BatchWrite Target Path: D:\城通网盘客户端\www\com\bootstrap.js
2020年1月25日19:5:23 Code:0。 Error: MakeInnerTarget  www\com
2020年1月25日19:5:23 Code:0。 Warring: _MakeDirs R:\www\com
2020年1月25日19:5:23 Code:0。 Warring: BatchWrite Target Path: D:\城通网盘客户端\www\com\bootstrap.js
2020年1月25日19:5:23 Code:0。 Warring: BatchWrite Target Node: R:\www\com
2020年1月25日19:5:23 Code:0。 Warring: Batch 读取数据： D:\城通网盘客户端\www\com\bootstrap3-typeahead.js S: 18142 W: 18142 O: 2115238 NT:2133380
2020年1月25日19:5:23 Code:0。 Warring: BatchWrite Target Path: \www\com\bootstrap3-typeahead.js
2020年1月25日19:5:23 Code:0。 Warring: BatchWrite Target Path: D:\城通网盘客户端\www\com\bootstrap3-typeahead.js
2020年1月25日19:5:23 Code:0。 Error: MakeInnerTarget  www\com
2020年1月25日19:5:23 Code:0。 Warring: _MakeDirs R:\www\com
2020年1月25日19:5:23 Code:0。 Warring: BatchWrite Target Path: D:\城通网盘客户端\www\com\bootstrap3-typeahead.js
2020年1月25日19:5:23 Code:0。 Warring: BatchWrite Target Node: R:\www\com
2020年1月25日19:5:23 Code:0。 Warring: Batch 读取数据： D:\城通网盘客户端\www\com\browser-empty.png S: 113876 W: 113876 O: 2133380 NT:2247256
2020年1月25日19:5:23 Code:0。 Warring: BatchWrite Target Path: \www\com\browser-empty.png
2020年1月25日19:5:23 Code:0。 Warring: BatchWrite Target Path: D:\城通网盘客户端\www\com\browser-empty.png
2020年1月25日19:5:23 Code:0。 Error: MakeInnerTarget  www\com
2020年1月25日19:5:23 Code:0。 Warring: _MakeDirs R:\www\com
2020年1月25日19:5:23 Code:0。 Warring: BatchWrite Target Path: D:\城通网盘客户端\www\com\browser-empty.png
2020年1月25日19:5:23 Code:0。 Warring: BatchWrite Target Node: R:\www\com
2020年1月25日19:5:23 Code:0。 Warring: Batch 读取数据： D:\城通网盘客户端\www\com\download_empty.png S: 107418 W: 107418 O: 2247256 NT:2354674
2020年1月25日19:5:23 Code:0。 Warring: BatchWrite Target Path: \www\com\download_empty.png
2020年1月25日19:5:23 Code:0。 Warring: BatchWrite Target Path: D:\城通网盘客户端\www\com\download_empty.png
2020年1月25日19:5:23 Code:0。 Error: MakeInnerTarget  www\com
2020年1月25日19:5:23 Code:0。 Warring: _MakeDirs R:\www\com
2020年1月25日19:5:23 Code:0。 Warring: BatchWrite Target Path: D:\城通网盘客户端\www\com\download_empty.png
2020年1月25日19:5:23 Code:0。 Warring: BatchWrite Target Node: R:\www\com
2020年1月25日19:5:23 Code:0。 Warring: Batch 读取数据： D:\城通网盘客户端\www\com\font-awesome\css\font-awesome.css S: 33233 W: 33233 O: 2354674 NT:2387907
2020年1月25日19:5:23 Code:0。 Warring: BatchWrite Target Path: \www\com\font-awesome\css\font-awesome.css
2020年1月25日19:5:23 Code:0。 Warring: BatchWrite Target Path: D:\城通网盘客户端\www\com\font-awesome\css\font-awesome.css
2020年1月25日19:5:23 Code:0。 Error: MakeInnerTarget  www\com\font-awesome\css
2020年1月25日19:5:23 Code:0。 Warring: _MakeDirs R:\www\com\font-awesome\css
2020年1月25日19:5:23 Code:0。 Warring: BatchWrite Target Path: D:\城通网盘客户端\www\com\font-awesome\css\font-awesome.css
2020年1月25日19:5:23 Code:0。 Warring: BatchWrite Target Node: R:\www\com\font-awesome\css
2020年1月25日19:5:23 Code:0。 Warring: Batch 读取数据： D:\城通网盘客户端\www\com\font-awesome\css\font-awesome.min.css S: 27466 W: 27466 O: 2387907 NT:2415373
2020年1月25日19:5:23 Code:0。 Warring: BatchWrite Target Path: \www\com\font-awesome\css\font-awesome.min.css
2020年1月25日19:5:23 Code:0。 Warring: BatchWrite Target Path: D:\城通网盘客户端\www\com\font-awesome\css\font-awesome.min.css
2020年1月25日19:5:23 Code:0。 Error: MakeInnerTarget  www\com\font-awesome\css
2020年1月25日19:5:23 Code:0。 Warring: _MakeDirs R:\www\com\font-awesome\css
2020年1月25日19:5:23 Code:0。 Warring: BatchWrite Target Path: D:\城通网盘客户端\www\com\font-awesome\css\font-awesome.min.css
2020年1月25日19:5:23 Code:0。 Warring: BatchWrite Target Node: R:\www\com\font-awesome\css
2020年1月25日19:5:23 Code:0。 Warring: Batch 读取数据： D:\城通网盘客户端\www\com\font-awesome\fonts\fontawesome-webfont.eot S: 70807 W: 70807 O: 2415373 NT:2486180
2020年1月25日19:5:23 Code:0。 Warring: BatchWrite Target Path: \www\com\font-awesome\fonts\fontawesome-webfont.eot
2020年1月25日19:5:23 Code:0。 Warring: BatchWrite Target Path: D:\城通网盘客户端\www\com\font-awesome\fonts\fontawesome-webfont.eot
2020年1月25日19:5:23 Code:0。 Error: MakeInnerTarget  www\com\font-awesome\fonts
2020年1月25日19:5:23 Code:0。 Warring: _MakeDirs R:\www\com\font-awesome\fonts
2020年1月25日19:5:23 Code:0。 Warring: BatchWrite Target Path: D:\城通网盘客户端\www\com\font-awesome\fonts\fontawesome-webfont.eot
2020年1月25日19:5:23 Code:0。 Warring: BatchWrite Target Node: R:\www\com\font-awesome\fonts
2020年1月25日19:5:23 Code:0。 Warring: Batch 读取数据： D:\城通网盘客户端\www\com\font-awesome\fonts\fontawesome-webfont.svg S: 365616 W: 365616 O: 2486180 NT:2851796
2020年1月25日19:5:23 Code:0。 Warring: BatchWrite Target Path: \www\com\font-awesome\fonts\fontawesome-webfont.svg
2020年1月25日19:5:23 Code:0。 Warring: BatchWrite Target Path: D:\城通网盘客户端\www\com\font-awesome\fonts\fontawesome-webfont.svg
2020年1月25日19:5:23 Code:0。 Error: MakeInnerTarget  www\com\font-awesome\fonts
2020年1月25日19:5:23 Code:0。 Warring: _MakeDirs R:\www\com\font-awesome\fonts
2020年1月25日19:5:23 Code:0。 Warring: BatchWrite Target Path: D:\城通网盘客户端\www\com\font-awesome\fonts\fontawesome-webfont.svg
2020年1月25日19:5:23 Code:0。 Warring: BatchWrite Target Node: R:\www\com\font-awesome\fonts
2020年1月25日19:5:23 Code:0。 Warring: Batch 读取数据： D:\城通网盘客户端\www\com\font-awesome\fonts\fontawesome-webfont.ttf S: 142072 W: 142072 O: 2851796 NT:2993868
2020年1月25日19:5:23 Code:0。 Warring: BatchWrite Target Path: \www\com\font-awesome\fonts\fontawesome-webfont.ttf
2020年1月25日19:5:23 Code:0。 Warring: BatchWrite Target Path: D:\城通网盘客户端\www\com\font-awesome\fonts\fontawesome-webfont.ttf
2020年1月25日19:5:23 Code:0。 Error: MakeInnerTarget  www\com\font-awesome\fonts
2020年1月25日19:5:23 Code:0。 Warring: _MakeDirs R:\www\com\font-awesome\fonts
2020年1月25日19:5:23 Code:0。 Warring: BatchWrite Target Path: D:\城通网盘客户端\www\com\font-awesome\fonts\fontawesome-webfont.ttf
2020年1月25日19:5:23 Code:0。 Warring: BatchWrite Target Node: R:\www\com\font-awesome\fonts
2020年1月25日19:5:23 Code:0。 Warring: Batch 读取数据： D:\城通网盘客户端\www\com\font-awesome\fonts\fontawesome-webfont.woff S: 83588 W: 83588 O: 2993868 NT:3077456
2020年1月25日19:5:23 Code:0。 Warring: BatchWrite Target Path: \www\com\font-awesome\fonts\fontawesome-webfont.woff
2020年1月25日19:5:23 Code:0。 Warring: BatchWrite Target Path: D:\城通网盘客户端\www\com\font-awesome\fonts\fontawesome-webfont.woff
2020年1月25日19:5:23 Code:0。 Error: MakeInnerTarget  www\com\font-awesome\fonts
2020年1月25日19:5:23 Code:0。 Warring: _MakeDirs R:\www\com\font-awesome\fonts
2020年1月25日19:5:23 Code:0。 Warring: BatchWrite Target Path: D:\城通网盘客户端\www\com\font-awesome\fonts\fontawesome-webfont.woff
2020年1月25日19:5:23 Code:0。 Warring: BatchWrite Target Node: R:\www\com\font-awesome\fonts
2020年1月25日19:5:23 Code:0。 Warring: Batch 读取数据： D:\城通网盘客户端\www\com\font-awesome\fonts\fontawesome-webfont.woff2 S: 66624 W: 66624 O: 3077456 NT:3144080
2020年1月25日19:5:23 Code:0。 Warring: BatchWrite Target Path: \www\com\font-awesome\fonts\fontawesome-webfont.woff2
2020年1月25日19:5:23 Code:0。 Warring: BatchWrite Target Path: D:\城通网盘客户端\www\com\font-awesome\fonts\fontawesome-webfont.woff2
2020年1月25日19:5:23 Code:0。 Error: MakeInnerTarget  www\com\font-awesome\fonts
2020年1月25日19:5:23 Code:0。 Warring: _MakeDirs R:\www\com\font-awesome\fonts
2020年1月25日19:5:23 Code:0。 Warring: BatchWrite Target Path: D:\城通网盘客户端\www\com\font-awesome\fonts\fontawesome-webfont.woff2
2020年1月25日19:5:23 Code:0。 Warring: BatchWrite Target Node: R:\www\com\font-awesome\fonts
2020年1月25日19:5:23 Code:0。 Warring: Batch 读取数据： D:\城通网盘客户端\www\com\font-awesome\less\animated.less S: 713 W: 713 O: 3144080 NT:3144793
2020年1月25日19:5:23 Code:0。 Warring: BatchWrite Target Path: \www\com\font-awesome\less\animated.less
2020年1月25日19:5:23 Code:0。 Warring: BatchWrite Target Path: D:\城通网盘客户端\www\com\font-awesome\less\animated.less
2020年1月25日19:5:23 Code:0。 Error: MakeInnerTarget  www\com\font-awesome\less
2020年1月25日19:5:23 Code:0。 Warring: _MakeDirs R:\www\com\font-awesome\less
2020年1月25日19:5:23 Code:0。 Warring: BatchWrite Target Path: D:\城通网盘客户端\www\com\font-awesome\less\animated.less
2020年1月25日19:5:23 Code:0。 Warring: BatchWrite Target Node: R:\www\com\font-awesome\less
2020年1月25日19:5:23 Code:0。 Warring: Batch 读取数据： D:\城通网盘客户端\www\com\font-awesome\less\bordered-pulled.less S: 585 W: 585 O: 3144793 NT:3145378
2020年1月25日19:5:23 Code:0。 Warring: BatchWrite Target Path: \www\com\font-awesome\less\bordered-pulled.less
2020年1月25日19:5:23 Code:0。 Warring: BatchWrite Target Path: D:\城通网盘客户端\www\com\font-awesome\less\bordered-pulled.less
2020年1月25日19:5:23 Code:0。 Error: MakeInnerTarget  www\com\font-awesome\less
2020年1月25日19:5:23 Code:0。 Warring: _MakeDirs R:\www\com\font-awesome\less
2020年1月25日19:5:23 Code:0。 Warring: BatchWrite Target Path: D:\城通网盘客户端\www\com\font-awesome\less\bordered-pulled.less
2020年1月25日19:5:23 Code:0。 Warring: BatchWrite Target Node: R:\www\com\font-awesome\less
2020年1月25日19:5:23 Code:0。 Warring: Batch 读取数据： D:\城通网盘客户端\www\com\font-awesome\less\core.less S: 452 W: 452 O: 3145378 NT:3145830
2020年1月25日19:5:23 Code:0。 Warring: BatchWrite Target Path: \www\com\font-awesome\less\core.less
2020年1月25日19:5:23 Code:0。 Warring: BatchWrite Target Path: D:\城通网盘客户端\www\com\font-awesome\less\core.less
2020年1月25日19:5:23 Code:0。 Error: MakeInnerTarget  www\com\font-awesome\less
2020年1月25日19:5:23 Code:0。 Warring: _MakeDirs R:\www\com\font-awesome\less
2020年1月25日19:5:23 Code:0。 Warring: BatchWrite Target Path: D:\城通网盘客户端\www\com\font-awesome\less\core.less
2020年1月25日19:5:23 Code:0。 Warring: BatchWrite Target Node: R:\www\com\font-awesome\less
2020年1月25日19:5:23 Code:0。 Warring: Batch 读取数据： D:\城通网盘客户端\www\com\font-awesome\less\fixed-width.less S: 119 W: 119 O: 3145830 NT:3145949
2020年1月25日19:5:23 Code:0。 Warring: BatchWrite Target Path: \www\com\font-awesome\less\fixed-width.less
2020年1月25日19:5:23 Code:0。 Warring: BatchWrite Target Path: D:\城通网盘客户端\www\com\font-awesome\less\fixed-width.less
2020年1月25日19:5:23 Code:0。 Error: MakeInnerTarget  www\com\font-awesome\less
2020年1月25日19:5:23 Code:0。 Warring: _MakeDirs R:\www\com\font-awesome\less
2020年1月25日19:5:23 Code:0。 Warring: BatchWrite Target Path: D:\城通网盘客户端\www\com\font-awesome\less\fixed-width.less
2020年1月25日19:5:23 Code:0。 Warring: BatchWrite Target Node: R:\www\com\font-awesome\less
2020年1月25日19:5:23 Code:0。 Warring: Batch 读取数据： D:\城通网盘客户端\www\com\font-awesome\less\font-awesome.less S: 465 W: 465 O: 3145949 NT:3146414
2020年1月25日19:5:23 Code:0。 Warring: BatchWrite Target Path: \www\com\font-awesome\less\font-awesome.less
2020年1月25日19:5:23 Code:0。 Warring: BatchWrite Target Path: D:\城通网盘客户端\www\com\font-awesome\less\font-awesome.less
2020年1月25日19:5:23 Code:0。 Error: MakeInnerTarget  www\com\font-awesome\less
2020年1月25日19:5:23 Code:0。 Warring: _MakeDirs R:\www\com\font-awesome\less
2020年1月25日19:5:23 Code:0。 Warring: BatchWrite Target Path: D:\城通网盘客户端\www\com\font-awesome\less\font-awesome.less
2020年1月25日19:5:23 Code:0。 Warring: BatchWrite Target Node: R:\www\com\font-awesome\less
2020年1月25日19:5:23 Code:0。 Warring: Batch 读取数据： D:\城通网盘客户端\www\com\font-awesome\less\icons.less S: 43859 W: 43859 O: 3146414 NT:3190273
2020年1月25日19:5:23 Code:0。 Warring: BatchWrite Target Path: \www\com\font-awesome\less\icons.less
2020年1月25日19:5:23 Code:0。 Warring: BatchWrite Target Path: D:\城通网盘客户端\www\com\font-awesome\less\icons.less
2020年1月25日19:5:23 Code:0。 Error: MakeInnerTarget  www\com\font-awesome\less
2020年1月25日19:5:23 Code:0。 Warring: _MakeDirs R:\www\com\font-awesome\less
2020年1月25日19:5:23 Code:0。 Warring: BatchWrite Target Path: D:\城通网盘客户端\www\com\font-awesome\less\icons.less
2020年1月25日19:5:23 Code:0。 Warring: BatchWrite Target Node: R:\www\com\font-awesome\less
2020年1月25日19:5:23 Code:0。 Warring: Batch 读取数据： D:\城通网盘客户端\www\com\font-awesome\less\larger.less S: 370 W: 370 O: 3190273 NT:3190643
2020年1月25日19:5:23 Code:0。 Warring: BatchWrite Target Path: \www\com\font-awesome\less\larger.less
2020年1月25日19:5:23 Code:0。 Warring: BatchWrite Target Path: D:\城通网盘客户端\www\com\font-awesome\less\larger.less
2020年1月25日19:5:23 Code:0。 Error: MakeInnerTarget  www\com\font-awesome\less
2020年1月25日19:5:23 Code:0。 Warring: _MakeDirs R:\www\com\font-awesome\less
2020年1月25日19:5:23 Code:0。 Warring: BatchWrite Target Path: D:\城通网盘客户端\www\com\font-awesome\less\larger.less
2020年1月25日19:5:23 Code:0。 Warring: BatchWrite Target Node: R:\www\com\font-awesome\less
2020年1月25日19:5:23 Code:0。 Warring: Batch 读取数据： D:\城通网盘客户端\www\com\font-awesome\less\list.less S: 377 W: 377 O: 3190643 NT:3191020
2020年1月25日19:5:23 Code:0。 Warring: BatchWrite Target Path: \www\com\font-awesome\less\list.less
2020年1月25日19:5:23 Code:0。 Warring: BatchWrite Target Path: D:\城通网盘客户端\www\com\font-awesome\less\list.less
2020年1月25日19:5:23 Code:0。 Error: MakeInnerTarget  www\com\font-awesome\less
2020年1月25日19:5:23 Code:0。 Warring: _MakeDirs R:\www\com\font-awesome\less
2020年1月25日19:5:23 Code:0。 Warring: BatchWrite Target Path: D:\城通网盘客户端\www\com\font-awesome\less\list.less
2020年1月25日19:5:23 Code:0。 Warring: BatchWrite Target Node: R:\www\com\font-awesome\less
2020年1月25日19:5:23 Code:0。 Warring: Batch 读取数据： D:\城通网盘客户端\www\com\font-awesome\less\mixins.less S: 926 W: 926 O: 3191020 NT:3191946
2020年1月25日19:5:23 Code:0。 Warring: BatchWrite Target Path: \www\com\font-awesome\less\mixins.less
2020年1月25日19:5:23 Code:0。 Warring: BatchWrite Target Path: D:\城通网盘客户端\www\com\font-awesome\less\mixins.less
2020年1月25日19:5:23 Code:0。 Error: MakeInnerTarget  www\com\font-awesome\less
2020年1月25日19:5:23 Code:0。 Warring: _MakeDirs R:\www\com\font-awesome\less
2020年1月25日19:5:23 Code:0。 Warring: BatchWrite Target Path: D:\城通网盘客户端\www\com\font-awesome\less\mixins.less
2020年1月25日19:5:23 Code:0。 Warring: BatchWrite Target Node: R:\www\com\font-awesome\less
2020年1月25日19:5:23 Code:0。 Warring: Batch 读取数据： D:\城通网盘客户端\www\com\font-awesome\less\path.less S: 770 W: 770 O: 3191946 NT:3192716
2020年1月25日19:5:23 Code:0。 Warring: BatchWrite Target Path: \www\com\font-awesome\less\path.less
2020年1月25日19:5:23 Code:0。 Warring: BatchWrite Target Path: D:\城通网盘客户端\www\com\font-awesome\less\path.less
2020年1月25日19:5:23 Code:0。 Error: MakeInnerTarget  www\com\font-awesome\less
2020年1月25日19:5:23 Code:0。 Warring: _MakeDirs R:\www\com\font-awesome\less
2020年1月25日19:5:23 Code:0。 Warring: BatchWrite Target Path: D:\城通网盘客户端\www\com\font-awesome\less\path.less
2020年1月25日19:5:23 Code:0。 Warring: BatchWrite Target Node: R:\www\com\font-awesome\less
2020年1月25日19:5:23 Code:0。 Warring: Batch 读取数据： D:\城通网盘客户端\www\com\font-awesome\less\rotated-flipped.less S: 622 W: 622 O: 3192716 NT:3193338
2020年1月25日19:5:23 Code:0。 Warring: BatchWrite Target Path: \www\com\font-awesome\less\rotated-flipped.less
2020年1月25日19:5:23 Code:0。 Warring: BatchWrite Target Path: D:\城通网盘客户端\www\com\font-awesome\less\rotated-flipped.less
2020年1月25日19:5:23 Code:0。 Error: MakeInnerTarget  www\com\font-awesome\less
2020年1月25日19:5:23 Code:0。 Warring: _MakeDirs R:\www\com\font-awesome\less
2020年1月25日19:5:23 Code:0。 Warring: BatchWrite Target Path: D:\城通网盘客户端\www\com\font-awesome\less\rotated-flipped.less
2020年1月25日19:5:23 Code:0。 Warring: BatchWrite Target Node: R:\www\com\font-awesome\less
2020年1月25日19:5:23 Code:0。 Warring: Batch 读取数据： D:\城通网盘客户端\www\com\font-awesome\less\stacked.less S: 476 W: 476 O: 3193338 NT:3193814
2020年1月25日19:5:23 Code:0。 Warring: BatchWrite Target Path: \www\com\font-awesome\less\stacked.less
2020年1月25日19:5:23 Code:0。 Warring: BatchWrite Target Path: D:\城通网盘客户端\www\com\font-awesome\less\stacked.less
2020年1月25日19:5:23 Code:0。 Error: MakeInnerTarget  www\com\font-awesome\less
2020年1月25日19:5:23 Code:0。 Warring: _MakeDirs R:\www\com\font-awesome\less
2020年1月25日19:5:23 Code:0。 Warring: BatchWrite Target Path: D:\城通网盘客户端\www\com\font-awesome\less\stacked.less
2020年1月25日19:5:23 Code:0。 Warring: BatchWrite Target Node: R:\www\com\font-awesome\less
2020年1月25日19:5:23 Code:0。 Warring: Batch 读取数据： D:\城通网盘客户端\www\com\font-awesome\less\variables.less S: 19778 W: 19778 O: 3193814 NT:3213592
2020年1月25日19:5:23 Code:0。 Warring: BatchWrite Target Path: \www\com\font-awesome\less\variables.less
2020年1月25日19:5:23 Code:0。 Warring: BatchWrite Target Path: D:\城通网盘客户端\www\com\font-awesome\less\variables.less
2020年1月25日19:5:23 Code:0。 Error: MakeInnerTarget  www\com\font-awesome\less
2020年1月25日19:5:23 Code:0。 Warring: _MakeDirs R:\www\com\font-awesome\less
2020年1月25日19:5:23 Code:0。 Warring: BatchWrite Target Path: D:\城通网盘客户端\www\com\font-awesome\less\variables.less
2020年1月25日19:5:23 Code:0。 Warring: BatchWrite Target Node: R:\www\com\font-awesome\less
2020年1月25日19:5:23 Code:0。 Warring: Batch 读取数据： D:\城通网盘客户端\www\com\jquery-ui.min.js S: 253668 W: 253668 O: 3213592 NT:3467260
2020年1月25日19:5:23 Code:0。 Warring: BatchWrite Target Path: \www\com\jquery-ui.min.js
2020年1月25日19:5:23 Code:0。 Warring: BatchWrite Target Path: D:\城通网盘客户端\www\com\jquery-ui.min.js
2020年1月25日19:5:23 Code:0。 Error: MakeInnerTarget  www\com
2020年1月25日19:5:23 Code:0。 Warring: _MakeDirs R:\www\com
2020年1月25日19:5:23 Code:0。 Warring: BatchWrite Target Path: D:\城通网盘客户端\www\com\jquery-ui.min.js
2020年1月25日19:5:23 Code:0。 Warring: BatchWrite Target Node: R:\www\com
2020年1月25日19:5:23 Code:0。 Warring: Batch 读取数据： D:\城通网盘客户端\www\com\jquery.contextMenu.js S: 85972 W: 85972 O: 3467260 NT:3553232
2020年1月25日19:5:23 Code:0。 Warring: BatchWrite Target Path: \www\com\jquery.contextMenu.js
2020年1月25日19:5:23 Code:0。 Warring: BatchWrite Target Path: D:\城通网盘客户端\www\com\jquery.contextMenu.js
2020年1月25日19:5:23 Code:0。 Error: MakeInnerTarget  www\com
2020年1月25日19:5:23 Code:0。 Warring: _MakeDirs R:\www\com
2020年1月25日19:5:23 Code:0。 Warring: BatchWrite Target Path: D:\城通网盘客户端\www\com\jquery.contextMenu.js
2020年1月25日19:5:23 Code:0。 Warring: BatchWrite Target Node: R:\www\com
2020年1月25日19:5:23 Code:0。 Warring: Batch 读取数据： D:\城通网盘客户端\www\com\jquery.gritter.css S: 1355 W: 1355 O: 3553232 NT:3554587
2020年1月25日19:5:23 Code:0。 Warring: BatchWrite Target Path: \www\com\jquery.gritter.css
2020年1月25日19:5:23 Code:0。 Warring: BatchWrite Target Path: D:\城通网盘客户端\www\com\jquery.gritter.css
2020年1月25日19:5:23 Code:0。 Error: MakeInnerTarget  www\com
2020年1月25日19:5:23 Code:0。 Warring: _MakeDirs R:\www\com
2020年1月25日19:5:23 Code:0。 Warring: BatchWrite Target Path: D:\城通网盘客户端\www\com\jquery.gritter.css
2020年1月25日19:5:23 Code:0。 Warring: BatchWrite Target Node: R:\www\com
2020年1月25日19:5:23 Code:0。 Warring: Batch 读取数据： D:\城通网盘客户端\www\com\jquery.gritter.js S: 11245 W: 11245 O: 3554587 NT:3565832
2020年1月25日19:5:23 Code:0。 Warring: BatchWrite Target Path: \www\com\jquery.gritter.js
2020年1月25日19:5:23 Code:0。 Warring: BatchWrite Target Path: D:\城通网盘客户端\www\com\jquery.gritter.js
2020年1月25日19:5:23 Code:0。 Error: MakeInnerTarget  www\com
2020年1月25日19:5:23 Code:0。 Warring: _MakeDirs R:\www\com
2020年1月25日19:5:23 Code:0。 Warring: BatchWrite Target Path: D:\城通网盘客户端\www\com\jquery.gritter.js
2020年1月25日19:5:23 Code:0。 Warring: BatchWrite Target Node: R:\www\com
2020年1月25日19:5:23 Code:0。 Warring: Batch 读取数据： D:\城通网盘客户端\www\com\jquery.js S: 258549 W: 258549 O: 3565832 NT:3824381
2020年1月25日19:5:23 Code:0。 Warring: BatchWrite Target Path: \www\com\jquery.js
2020年1月25日19:5:23 Code:0。 Warring: BatchWrite Target Path: D:\城通网盘客户端\www\com\jquery.js
2020年1月25日19:5:23 Code:0。 Error: MakeInnerTarget  www\com
2020年1月25日19:5:23 Code:0。 Warring: _MakeDirs R:\www\com
2020年1月25日19:5:23 Code:0。 Warring: BatchWrite Target Path: D:\城通网盘客户端\www\com\jquery.js
2020年1月25日19:5:23 Code:0。 Warring: BatchWrite Target Node: R:\www\com
2020年1月25日19:5:23 Code:0。 Warring: Batch 读取数据： D:\城通网盘客户端\www\com\jquery.jscroll.js S: 9732 W: 9732 O: 3824381 NT:3834113
2020年1月25日19:5:23 Code:0。 Warring: BatchWrite Target Path: \www\com\jquery.jscroll.js
2020年1月25日19:5:23 Code:0。 Warring: BatchWrite Target Path: D:\城通网盘客户端\www\com\jquery.jscroll.js
2020年1月25日19:5:23 Code:0。 Error: MakeInnerTarget  www\com
2020年1月25日19:5:23 Code:0。 Warring: _MakeDirs R:\www\com
2020年1月25日19:5:23 Code:0。 Warring: BatchWrite Target Path: D:\城通网盘客户端\www\com\jquery.jscroll.js
2020年1月25日19:5:23 Code:0。 Warring: BatchWrite Target Node: R:\www\com
2020年1月25日19:5:23 Code:0。 Warring: Batch 读取数据： D:\城通网盘客户端\www\com\logo.png S: 15948 W: 15948 O: 3834113 NT:3850061
2020年1月25日19:5:23 Code:0。 Warring: BatchWrite Target Path: \www\com\logo.png
2020年1月25日19:5:23 Code:0。 Warring: BatchWrite Target Path: D:\城通网盘客户端\www\com\logo.png
2020年1月25日19:5:23 Code:0。 Error: MakeInnerTarget  www\com
2020年1月25日19:5:23 Code:0。 Warring: _MakeDirs R:\www\com
2020年1月25日19:5:23 Code:0。 Warring: BatchWrite Target Path: D:\城通网盘客户端\www\com\logo.png
2020年1月25日19:5:23 Code:0。 Warring: BatchWrite Target Node: R:\www\com
2020年1月25日19:5:23 Code:0。 Warring: Batch 读取数据： D:\城通网盘客户端\www\com\other.css S: 12115 W: 12115 O: 3850061 NT:3862176
2020年1月25日19:5:23 Code:0。 Warring: BatchWrite Target Path: \www\com\other.css
2020年1月25日19:5:23 Code:0。 Warring: BatchWrite Target Path: D:\城通网盘客户端\www\com\other.css
2020年1月25日19:5:23 Code:0。 Error: MakeInnerTarget  www\com
2020年1月25日19:5:23 Code:0。 Warring: _MakeDirs R:\www\com
2020年1月25日19:5:23 Code:0。 Warring: BatchWrite Target Path: D:\城通网盘客户端\www\com\other.css
2020年1月25日19:5:23 Code:0。 Warring: BatchWrite Target Node: R:\www\com
2020年1月25日19:5:23 Code:0。 Warring: Batch 读取数据： D:\城通网盘客户端\www\com\upload_empty.png S: 100964 W: 100964 O: 3862176 NT:3963140
2020年1月25日19:5:23 Code:0。 Warring: BatchWrite Target Path: \www\com\upload_empty.png
2020年1月25日19:5:23 Code:0。 Warring: BatchWrite Target Path: D:\城通网盘客户端\www\com\upload_empty.png
2020年1月25日19:5:23 Code:0。 Error: MakeInnerTarget  www\com
2020年1月25日19:5:23 Code:0。 Warring: _MakeDirs R:\www\com
2020年1月25日19:5:23 Code:0。 Warring: BatchWrite Target Path: D:\城通网盘客户端\www\com\upload_empty.png
2020年1月25日19:5:23 Code:0。 Warring: BatchWrite Target Node: R:\www\com
2020年1月25日19:5:23 Code:0。 Warring: Batch 读取数据： D:\城通网盘客户端\www\download-content.html S: 3773 W: 3773 O: 3963140 NT:3966913
2020年1月25日19:5:23 Code:0。 Warring: BatchWrite Target Path: \www\download-content.html
2020年1月25日19:5:23 Code:0。 Warring: BatchWrite Target Path: D:\城通网盘客户端\www\download-content.html
2020年1月25日19:5:23 Code:0。 Error: MakeInnerTarget  www
2020年1月25日19:5:23 Code:0。 Warring: _MakeDirs R:\www
2020年1月25日19:5:23 Code:0。 Warring: BatchWrite Target Path: D:\城通网盘客户端\www\download-content.html
2020年1月25日19:5:23 Code:0。 Warring: BatchWrite Target Node: R:\www
2020年1月25日19:5:23 Code:0。 Warring: Batch 读取数据： D:\城通网盘客户端\www\img\icon.png S: 7674 W: 7674 O: 3966913 NT:3974587
2020年1月25日19:5:23 Code:0。 Warring: BatchWrite Target Path: \www\img\icon.png
2020年1月25日19:5:23 Code:0。 Warring: BatchWrite Target Path: D:\城通网盘客户端\www\img\icon.png
2020年1月25日19:5:23 Code:0。 Error: MakeInnerTarget  www\img
2020年1月25日19:5:23 Code:0。 Warring: _MakeDirs R:\www\img
2020年1月25日19:5:23 Code:0。 Warring: BatchWrite Target Path: D:\城通网盘客户端\www\img\icon.png
2020年1月25日19:5:23 Code:0。 Warring: BatchWrite Target Node: R:\www\img
2020年1月25日19:5:23 Code:0。 Warring: Batch 读取数据： D:\城通网盘客户端\www\img\loading.gif S: 265639 W: 265639 O: 3974587 NT:4240226
2020年1月25日19:5:23 Code:0。 Warring: BatchWrite Target Path: \www\img\loading.gif
2020年1月25日19:5:23 Code:0。 Warring: BatchWrite Target Path: D:\城通网盘客户端\www\img\loading.gif
2020年1月25日19:5:23 Code:0。 Error: MakeInnerTarget  www\img
2020年1月25日19:5:23 Code:0。 Warring: _MakeDirs R:\www\img
2020年1月25日19:5:23 Code:0。 Warring: BatchWrite Target Path: D:\城通网盘客户端\www\img\loading.gif
2020年1月25日19:5:23 Code:0。 Warring: BatchWrite Target Node: R:\www\img
2020年1月25日19:5:23 Code:0。 Warring: Batch 读取数据： D:\城通网盘客户端\www\img\sprite_list_icon.gif S: 19405 W: 19405 O: 4240226 NT:4259631
2020年1月25日19:5:23 Code:0。 Warring: BatchWrite Target Path: \www\img\sprite_list_icon.gif
2020年1月25日19:5:23 Code:0。 Warring: BatchWrite Target Path: D:\城通网盘客户端\www\img\sprite_list_icon.gif
2020年1月25日19:5:23 Code:0。 Error: MakeInnerTarget  www\img
2020年1月25日19:5:23 Code:0。 Warring: _MakeDirs R:\www\img
2020年1月25日19:5:23 Code:0。 Warring: BatchWrite Target Path: D:\城通网盘客户端\www\img\sprite_list_icon.gif
2020年1月25日19:5:23 Code:0。 Warring: BatchWrite Target Node: R:\www\img
2020年1月25日19:5:23 Code:0。 Warring: Batch 读取数据： D:\城通网盘客户端\www\index.html S: 5739 W: 5739 O: 4259631 NT:4265370
2020年1月25日19:5:23 Code:0。 Warring: BatchWrite Target Path: \www\index.html
2020年1月25日19:5:23 Code:0。 Warring: BatchWrite Target Path: D:\城通网盘客户端\www\index.html
2020年1月25日19:5:23 Code:0。 Error: MakeInnerTarget  www
2020年1月25日19:5:23 Code:0。 Warring: _MakeDirs R:\www
2020年1月25日19:5:23 Code:0。 Warring: BatchWrite Target Path: D:\城通网盘客户端\www\index.html
2020年1月25日19:5:23 Code:0。 Warring: BatchWrite Target Node: R:\www
2020年1月25日19:5:23 Code:0。 Warring: Batch 读取数据： D:\城通网盘客户端\www\loading.html S: 1850 W: 1850 O: 4265370 NT:4267220
2020年1月25日19:5:23 Code:0。 Warring: BatchWrite Target Path: \www\loading.html
2020年1月25日19:5:23 Code:0。 Warring: BatchWrite Target Path: D:\城通网盘客户端\www\loading.html
2020年1月25日19:5:23 Code:0。 Error: MakeInnerTarget  www
2020年1月25日19:5:23 Code:0。 Warring: _MakeDirs R:\www
2020年1月25日19:5:23 Code:0。 Warring: BatchWrite Target Path: D:\城通网盘客户端\www\loading.html
2020年1月25日19:5:23 Code:0。 Warring: BatchWrite Target Node: R:\www
2020年1月25日19:5:23 Code:0。 Warring: Batch 读取数据： D:\城通网盘客户端\www\login.html S: 6745 W: 6745 O: 4267220 NT:4273965
2020年1月25日19:5:23 Code:0。 Warring: BatchWrite Target Path: \www\login.html
2020年1月25日19:5:23 Code:0。 Warring: BatchWrite Target Path: D:\城通网盘客户端\www\login.html
2020年1月25日19:5:23 Code:0。 Error: MakeInnerTarget  www
2020年1月25日19:5:23 Code:0。 Warring: _MakeDirs R:\www
2020年1月25日19:5:23 Code:0。 Warring: BatchWrite Target Path: D:\城通网盘客户端\www\login.html
2020年1月25日19:5:23 Code:0。 Warring: BatchWrite Target Node: R:\www
2020年1月25日19:5:23 Code:0。 Warring: Batch 读取数据： D:\城通网盘客户端\www\private-content.html S: 8627 W: 8627 O: 4273965 NT:4282592
2020年1月25日19:5:23 Code:0。 Warring: BatchWrite Target Path: \www\private-content.html
2020年1月25日19:5:23 Code:0。 Warring: BatchWrite Target Path: D:\城通网盘客户端\www\private-content.html
2020年1月25日19:5:23 Code:0。 Error: MakeInnerTarget  www
2020年1月25日19:5:23 Code:0。 Warring: _MakeDirs R:\www
2020年1月25日19:5:23 Code:0。 Warring: BatchWrite Target Path: D:\城通网盘客户端\www\private-content.html
2020年1月25日19:5:23 Code:0。 Warring: BatchWrite Target Node: R:\www
2020年1月25日19:5:23 Code:0。 Warring: Batch 读取数据： D:\城通网盘客户端\www\public-content.html S: 8204 W: 8204 O: 4282592 NT:4290796
2020年1月25日19:5:23 Code:0。 Warring: BatchWrite Target Path: \www\public-content.html
2020年1月25日19:5:23 Code:0。 Warring: BatchWrite Target Path: D:\城通网盘客户端\www\public-content.html
2020年1月25日19:5:23 Code:0。 Error: MakeInnerTarget  www
2020年1月25日19:5:23 Code:0。 Warring: _MakeDirs R:\www
2020年1月25日19:5:23 Code:0。 Warring: BatchWrite Target Path: D:\城通网盘客户端\www\public-content.html
2020年1月25日19:5:23 Code:0。 Warring: BatchWrite Target Node: R:\www
2020年1月25日19:5:23 Code:0。 Warring: Batch 读取数据： D:\城通网盘客户端\www\upload-content.html S: 3662 W: 3662 O: 4290796 NT:4294458
2020年1月25日19:5:23 Code:0。 Warring: BatchWrite Target Path: \www\upload-content.html
2020年1月25日19:5:23 Code:0。 Warring: BatchWrite Target Path: D:\城通网盘客户端\www\upload-content.html
2020年1月25日19:5:23 Code:0。 Error: MakeInnerTarget  www
2020年1月25日19:5:23 Code:0。 Warring: _MakeDirs R:\www
2020年1月25日19:5:23 Code:0。 Warring: BatchWrite Target Path: D:\城通网盘客户端\www\upload-content.html
2020年1月25日19:5:23 Code:0。 Warring: BatchWrite Target Node: R:\www
2020年1月25日19:5:23 Code:0。 Warring:  申请空间  F: 2723984 T: 4907710 S: 2.86574MB
2020年1月25日19:5:23 Code:0。 Warring:  映射段: 2723984 L: 2183726 
2020年1月25日19:5:24 Code:0。 Warring:  申请空间  F: 4907710 T: 4909246 S: 0.1536MB
2020年1月25日19:5:24 Code:0。 Warring:  映射段: 4907710 L: 1536 
2020年1月25日19:5:24 Code:0。 Warring: 写入偏移链   L:4907710 C:1536 NT:4909246
2020年1月25日19:5:24 Code:0。 Warring: ---文件写入完毕--- 
2020年1月25日19:5:24 Code:0。 Warring: 释放空间   F: 352 T: 400 S: 0.48MB
2020年1月25日19:5:24 Code:0。 Warring:  申请空间  F: 4909246 T: 4909342 S: 0.96MB
2020年1月25日19:5:24 Code:0。 Warring:  映射段: 4909246 L: 96 
2020年1月25日19:5:24 Code:0。 Warring: 写入偏移链   L:4909246 C:96 NT:4909342
2020年1月25日19:5:24 Code:0。 Warring: ---开始Index写入--- 
2020年1月25日19:5:24 Code:0。 Warring:  申请空间  F: 4909342 T: 4909726 S: 0.384MB
2020年1月25日19:5:24 Code:0。 Warring:  映射段: 4909342 L: 384 
2020年1月25日19:5:24 Code:0。 Warring:  写入Index  BatchNode_1579950322 L 4909342  C 384 S 2
2020年1月25日19:5:24 Code:0。 Warring:  申请空间  F: 4909726 T: 4911454 S: 0.1728MB
2020年1月25日19:5:24 Code:0。 Warring:  映射段: 4909726 L: 1728 
2020年1月25日19:5:24 Code:0。 Warring:  写入Index  css L 4909726  C 1728 S 9
2020年1月25日19:5:24 Code:0。 Warring:  申请空间  F: 4911454 T: 4912990 S: 0.1536MB
2020年1月25日19:5:24 Code:0。 Warring:  映射段: 4911454 L: 1536 
2020年1月25日19:5:24 Code:0。 Warring:  写入Index  fonts L 4911454  C 1536 S 8
2020年1月25日19:5:24 Code:0。 Warring:  申请空间  F: 4912990 T: 4913374 S: 0.384MB
2020年1月25日19:5:24 Code:0。 Warring:  映射段: 4912990 L: 384 
2020年1月25日19:5:24 Code:0。 Warring:  写入Index  src L 4912990  C 384 S 2
2020年1月25日19:5:24 Code:0。 Warring:  申请空间  F: 4913374 T: 4913566 S: 0.192MB
2020年1月25日19:5:24 Code:0。 Warring:  映射段: 4913374 L: 192 
2020年1月25日19:5:24 Code:0。 Warring:  写入Index  js L 4913374  C 192 S 1
2020年1月25日19:5:24 Code:0。 Warring:  申请空间  F: 4913566 T: 4914142 S: 0.576MB
2020年1月25日19:5:24 Code:0。 Warring:  映射段: 4913566 L: 576 
2020年1月25日19:5:24 Code:0。 Warring:  写入Index  assets L 4913566  C 576 S 3
2020年1月25日19:5:24 Code:0。 Warring:  申请空间  F: 4914142 T: 4914526 S: 0.384MB
2020年1月25日19:5:24 Code:0。 Warring:  映射段: 4914142 L: 384 
2020年1月25日19:5:24 Code:0。 Warring:  写入Index  css L 4914142  C 384 S 2
2020年1月25日19:5:24 Code:0。 Warring:  申请空间  F: 4914526 T: 4915486 S: 0.960MB
2020年1月25日19:5:24 Code:0。 Warring:  映射段: 4914526 L: 960 
2020年1月25日19:5:24 Code:0。 Warring:  写入Index  fonts L 4914526  C 960 S 5
2020年1月25日19:5:24 Code:0。 Warring:  申请空间  F: 4915486 T: 4917982 S: 0.2496MB
2020年1月25日19:5:24 Code:0。 Warring:  映射段: 4915486 L: 2496 
2020年1月25日19:5:24 Code:0。 Warring:  写入Index  less L 4915486  C 2496 S 13
2020年1月25日19:5:24 Code:0。 Warring:  申请空间  F: 4917982 T: 4918558 S: 0.576MB
2020年1月25日19:5:24 Code:0。 Warring:  映射段: 4917982 L: 576 
2020年1月25日19:5:24 Code:0。 Warring:  写入Index  font-awesome L 4917982  C 576 S 3
2020年1月25日19:5:24 Code:0。 Warring:  申请空间  F: 4918558 T: 4921438 S: 0.2880MB
2020年1月25日19:5:24 Code:0。 Warring:  映射段: 4918558 L: 2880 
2020年1月25日19:5:24 Code:0。 Warring:  写入Index  com L 4918558  C 2880 S 15
2020年1月25日19:5:24 Code:0。 Warring:  申请空间  F: 4921438 T: 4922014 S: 0.576MB
2020年1月25日19:5:24 Code:0。 Warring:  映射段: 4921438 L: 576 
2020年1月25日19:5:24 Code:0。 Warring:  写入Index  img L 4921438  C 576 S 3
2020年1月25日19:5:24 Code:0。 Warring:  申请空间  F: 4922014 T: 4924126 S: 0.2112MB
2020年1月25日19:5:24 Code:0。 Warring:  映射段: 4922014 L: 2112 
2020年1月25日19:5:24 Code:0。 Warring:  写入Index  www L 4922014  C 2112 S 11
2020年1月25日19:5:24 Code:0。 Warring:  申请空间  F: 4924126 T: 4924702 S: 0.576MB
2020年1月25日19:5:24 Code:0。 Warring:  映射段: 4924126 L: 576 
2020年1月25日19:5:24 Code:0。 Warring:  写入Index  头 L 4924126  C 576 S 3
2020年1月25日19:5:24 Code:0。 Warring:  申请空间  F: 4924702 T: 4924798 S: 0.96MB
2020年1月25日19:5:24 Code:0。 Warring:  映射段: 4924702 L: 96 
2020年1月25日19:5:24 Code:0。 Warring: 写入偏移链   L:4924702 C:96 NT:4924798
2020年1月25日19:5:24 Code:0。 Warring:  申请空间  F: 4924798 T: 4924990 S: 0.192MB
2020年1月25日19:5:24 Code:0。 Warring:  映射段: 4924798 L: 192 
2020年1月25日19:5:24 Code:0。 Warring:  映射段: 0 L: 280 
2020年1月25日19:5:24 Code:0。 Warring:  写入头节点: 1579950322 F: 0 T: 280 
2020年1月25日19:5:24 Code:0。 Warring: ---Index写入完毕--- 
2020年1月25日19:5:24 Code:0。 Warring: 关闭虚拟文件对象  D:\新建虚拟磁盘.vmf
